Input file: P3T1-1.ss
   1: (define (add l1 l2)
   2:   (if (and (not (null? l1)) (not (null? l2)) )
   3:       (if (and (list? l1) (list? l2))
   4: 	  (cons (car l1) (cdr l2))
   5: 	  'add_requires_not_null_lists
   6: 	  )
   7:       'add_requires_not_null_lists
   8:       )
   9:   )
  10: 
  11: (define (multiply num1 num2)
  12:   (if (or (zero? num1) (zero? num2))
  13:       'multiply_requires_non_zero_numbers
  14:       (* num1 num2)
  15:       )
  16:   )
  17: 
  18: (define (main)
  19:   (display (add '(1 2 3 4 5) '(a b c d e)) ) (newline)
  20:   (display (multiply 21 13)) (newline)
  21:   )
  22: 
  23: (main)
  24:   
0 errors found in input file
